<?xml version="1.0" encoding="UTF-8"?>
<!-- Generated by org.testng.reporters.JUnitXMLReporter -->
<testsuite ignored="0" hostname="DESKTOP-41NRSB8" failures="1" tests="2" name="Surefire test" time="16.348" errors="0" timestamp="2024-10-11T23:52:14 BST">
  <testcase classname="io.cucumber.testng.AbstractTestNGCucumberTests" name="runScenario" time="12.932"/>
  <testcase classname="io.cucumber.testng.AbstractTestNGCucumberTests" name="runScenario" time="13.429">
    <failure type="java.lang.AssertionError" message="expected [No data] but found [Beetroot]">
      <![CDATA[java.lang.AssertionError: expected [No data] but found [Beetroot]
at StepDefinations.OfferPageStepDefination2.validate_product_name_in_offers_pages_matched_with_landing_page(OfferPageStepDefination2.java:68)
at âœ½.Validate product name in offers pages matched with landing page(file:///C:/Users/Dell/eclipse-workspace/Cucumberframework/src/test/java/Features/SearchProduct.feature:9)
... Removed 6 stack frames]]>
    </failure>
  </testcase> <!-- runScenario -->
</testsuite> <!-- Surefire test -->
