-------------------------------------------------------------------------------
Test set: TestSuite
-------------------------------------------------------------------------------
Tests run: 2, Failures: 1, Errors: 0, Skipped: 0, Time elapsed: 16.925 s <<< FAILURE! - in TestSuite
CucumberOptions.TestNgRunner.runScenario["Search Experience for product search in both home and Offers page", "Search and Place the order for Products"](2)  Time elapsed: 13.433 s  <<< FAILURE!
java.lang.AssertionError: expected [No data] but found [Beetroot]

