<?xml version="1.0" encoding="UTF-8"?>
<testng-results ignored="0" total="1" passed="0" failed="1" skipped="0">
  <reporter-output>
  </reporter-output>
  <suite started-at="2024-10-11T21:35:44 BST" name="Default suite" finished-at="2024-10-11T21:36:03 BST" duration-ms="19043">
    <groups>
      <group name="cucumber">
        <method signature="AbstractTestNGCucumberTests.runScenario(io.cucumber.testng.PickleWrapper,io.cucumber.testng.FeatureWrapper)[pri:0, instance:CucumberOptions.FailedTestRunners@4b8d604b]" name="runScenario" class="io.cucumber.testng.AbstractTestNGCucumberTests"/>
      </group> <!-- cucumber -->
    </groups>
    <test started-at="2024-10-11T21:35:44 BST" name="Default test" finished-at="2024-10-11T21:36:03 BST" duration-ms="19043">
      <class name="CucumberOptions.FailedTestRunners">
        <test-method is-config="true" signature="setUpClass(org.testng.ITestContext)[pri:0, instance:CucumberOptions.FailedTestRunners@4b8d604b]" started-at="2024-10-11T21:35:44 BST" name="setUpClass" finished-at="2024-10-11T21:35:45 BST" duration-ms="1415" status="PASS">
          <params>
            <param index="0">
              <value>
                <![CDATA[org.testng.TestRunner@1a6dc589]]>
              </value>
            </param>
          </params>
          <reporter-output>
          </reporter-output>
        </test-method> <!-- setUpClass -->
        <test-method signature="runScenario(io.cucumber.testng.PickleWrapper,io.cucumber.testng.FeatureWrapper)[pri:0, instance:CucumberOptions.FailedTestRunners@4b8d604b]" started-at="2024-10-11T21:35:45 BST" name="runScenario" description="Runs Cucumber Scenarios" data-provider="scenarios" finished-at="2024-10-11T21:36:00 BST" duration-ms="15101" status="FAIL">
          <params>
            <param index="0">
              <value>
                <![CDATA["Search Experience for product search in both home and Offers page"]]>
              </value>
            </param>
            <param index="1">
              <value>
                <![CDATA["Search and Place the order for Products"]]>
              </value>
            </param>
          </params>
          <exception class="java.lang.AssertionError">
            <message>
              <![CDATA[expected [No data] but found [Beetroot]]]>
            </message>
            <full-stacktrace>
              <![CDATA[java.lang.AssertionError: expected [No data] but found [Beetroot]
at org.testng.Assert.fail(Assert.java:111)
at org.testng.Assert.failNotEquals(Assert.java:1578)
at org.testng.Assert.assertEqualsImpl(Assert.java:150)
at org.testng.Assert.assertEquals(Assert.java:132)
at org.testng.Assert.assertEquals(Assert.java:656)
at org.testng.Assert.assertEquals(Assert.java:666)
at StepDefinations.OfferPageStepDefination2.validate_product_name_in_offers_pages_matched_with_landing_page(OfferPageStepDefination2.java:68)
at âœ½.Validate product name in offers pages matched with landing page(file:///C:/Users/Dell/eclipse-workspace/Cucumberframework/src/test/java/Features/SearchProduct.feature:9)
]]>
            </full-stacktrace>
          </exception> <!-- java.lang.AssertionError -->
          <reporter-output>
          </reporter-output>
        </test-method> <!-- runScenario -->
        <test-method is-config="true" signature="tearDownClass()[pri:0, instance:CucumberOptions.FailedTestRunners@4b8d604b]" started-at="2024-10-11T21:36:00 BST" name="tearDownClass" finished-at="2024-10-11T21:36:03 BST" duration-ms="2448" status="PASS">
          <reporter-output>
          </reporter-output>
        </test-method> <!-- tearDownClass -->
      </class> <!-- CucumberOptions.FailedTestRunners -->
    </test> <!-- Default test -->
  </suite> <!-- Default suite -->
</testng-results>
