<?xml version="1.0" encoding="UTF-8"?>
<!-- Generated by org.testng.reporters.JUnitReportReporter -->
<testsuite hostname="DESKTOP-41NRSB8" failures="1" tests="3" name="CucumberOptions.TestNgRunner" time="64.738" errors="0" timestamp="2024-10-11T21:32:04 BST" skipped="0">
  <testcase classname="CucumberOptions.TestNgRunner" name="runScenario" time="21.522"/>
  <testcase classname="CucumberOptions.TestNgRunner" name="runScenario" time="23.522">
    <failure message="expected [No data] but found [Beetroot]" type="java.lang.AssertionError">
      <![CDATA[java.lang.AssertionError: expected [No data] but found [Beetroot]
at org.testng.Assert.fail(Assert.java:111)
at org.testng.Assert.failNotEquals(Assert.java:1578)
at org.testng.Assert.assertEqualsImpl(Assert.java:150)
at org.testng.Assert.assertEquals(Assert.java:132)
at org.testng.Assert.assertEquals(Assert.java:656)
at org.testng.Assert.assertEquals(Assert.java:666)
at StepDefinations.OfferPageStepDefination2.validate_product_name_in_offers_pages_matched_with_landing_page(OfferPageStepDefination2.java:68)
at âœ½.Validate product name in offers pages matched with landing page(file:///C:/Users/Dell/eclipse-workspace/Cucumberframework/src/test/java/Features/SearchProduct.feature:9)
]]>
    </failure>
  </testcase> <!-- runScenario -->
  <testcase classname="CucumberOptions.TestNgRunner" name="runScenario" time="19.694"/>
</testsuite> <!-- CucumberOptions.TestNgRunner -->
